{"/home/sven/pse/tageler-api/src/app.js":{"path":"/home/sven/pse/tageler-api/src/app.js","s":{"1":1,"2":1,"3":1,"4":1,"5":1,"6":1,"7":1,"8":0,"9":1,"10":0,"11":1,"12":1,"13":0,"14":0,"15":0,"16":0,"17":0,"18":0,"19":0,"20":0,"21":0,"22":0},"b":{},"f":{},"fnMap":{},"statementMap":{"1":{"start":{"line":1,"column":0},"end":{"line":1,"column":35}},"2":{"start":{"line":3,"column":0},"end":{"line":3,"column":42}},"3":{"start":{"line":4,"column":0},"end":{"line":4,"column":29}},"4":{"start":{"line":5,"column":0},"end":{"line":5,"column":37}},"5":{"start":{"line":6,"column":0},"end":{"line":6,"column":44}},"6":{"start":{"line":9,"column":0},"end":{"line":9,"column":34}},"7":{"start":{"line":12,"column":0},"end":{"line":14,"column":3}},"8":{"start":{"line":13,"column":4},"end":{"line":13,"column":58}},"9":{"start":{"line":17,"column":0},"end":{"line":19,"column":3}},"10":{"start":{"line":18,"column":4},"end":{"line":18,"column":40}},"11":{"start":{"line":21,"column":0},"end":{"line":21,"column":22}},"12":{"start":{"line":23,"column":0},"end":{"line":23,"column":46}},"13":{"start":{"line":24,"column":0},"end":{"line":24,"column":42}},"14":{"start":{"line":27,"column":0},"end":{"line":27,"column":16}},"15":{"start":{"line":33,"column":0},"end":{"line":33,"column":27}},"16":{"start":{"line":36,"column":0},"end":{"line":36,"column":33}},"17":{"start":{"line":37,"column":0},"end":{"line":37,"column":29}},"18":{"start":{"line":40,"column":0},"end":{"line":42,"column":3}},"19":{"start":{"line":41,"column":4},"end":{"line":41,"column":32}},"20":{"start":{"line":44,"column":0},"end":{"line":46,"column":4}},"21":{"start":{"line":45,"column":4},"end":{"line":45,"column":60}},"22":{"start":{"line":48,"column":0},"end":{"line":48,"column":21}}},"branchMap":{}},"/home/sven/pse/tageler-api/src/config/database.js":{"path":"/home/sven/pse/tageler-api/src/config/database.js","s":{"1":1},"b":{},"f":{},"fnMap":{},"statementMap":{"1":{"start":{"line":1,"column":0},"end":{"line":3,"column":1}}},"branchMap":{}},"/home/sven/pse/tageler-api/src/routes/tagelers.js":{"path":"/home/sven/pse/tageler-api/src/routes/tagelers.js","s":{"1":1,"2":1,"3":1,"4":1,"5":1,"6":1,"7":0,"8":0,"9":0,"10":0,"11":0,"12":0,"13":0,"14":0,"15":0,"16":0,"17":0,"18":0,"19":0,"20":0,"21":0,"22":0,"23":0,"24":0,"25":0,"26":0,"27":0,"28":0,"29":0,"30":0,"31":0,"32":0,"33":0,"34":0,"35":0,"36":0,"37":0,"38":0,"39":0,"40":0,"41":0,"42":0,"43":0,"44":0,"45":0,"46":0,"47":0,"48":0,"49":0,"50":0,"51":0,"52":0,"53":0,"54":0},"b":{"1":[0,0],"2":[0,0],"3":[0,0],"4":[0,0],"5":[0,0],"6":[0,0],"7":[0,0]},"f":{"1":0,"2":0},"fnMap":{"1":{"name":"(anonymous_1)","line":12,"loc":{"start":{"line":12,"column":17},"end":{"line":12,"column":42}}},"2":{"name":"(anonymous_2)","line":15,"loc":{"start":{"line":15,"column":14},"end":{"line":15,"column":39}}}},"statementMap":{"1":{"start":{"line":1,"column":0},"end":{"line":1,"column":35}},"2":{"start":{"line":2,"column":0},"end":{"line":2,"column":32}},"3":{"start":{"line":3,"column":0},"end":{"line":3,"column":25}},"4":{"start":{"line":4,"column":0},"end":{"line":4,"column":45}},"5":{"start":{"line":5,"column":0},"end":{"line":5,"column":45}},"6":{"start":{"line":6,"column":0},"end":{"line":6,"column":41}},"7":{"start":{"line":10,"column":0},"end":{"line":10,"column":33}},"8":{"start":{"line":11,"column":0},"end":{"line":18,"column":3}},"9":{"start":{"line":13,"column":8},"end":{"line":13,"column":49}},"10":{"start":{"line":16,"column":8},"end":{"line":16,"column":51}},"11":{"start":{"line":19,"column":0},"end":{"line":19,"column":41}},"12":{"start":{"line":24,"column":0},"end":{"line":33,"column":3}},"13":{"start":{"line":25,"column":4},"end":{"line":25,"column":33}},"14":{"start":{"line":26,"column":4},"end":{"line":32,"column":7}},"15":{"start":{"line":27,"column":8},"end":{"line":31,"column":9}},"16":{"start":{"line":28,"column":12},"end":{"line":28,"column":64}},"17":{"start":{"line":30,"column":12},"end":{"line":30,"column":31}},"18":{"start":{"line":36,"column":0},"end":{"line":45,"column":3}},"19":{"start":{"line":37,"column":4},"end":{"line":37,"column":27}},"20":{"start":{"line":38,"column":4},"end":{"line":44,"column":7}},"21":{"start":{"line":39,"column":8},"end":{"line":43,"column":9}},"22":{"start":{"line":40,"column":12},"end":{"line":40,"column":77}},"23":{"start":{"line":42,"column":12},"end":{"line":42,"column":31}},"24":{"start":{"line":48,"column":0},"end":{"line":56,"column":3}},"25":{"start":{"line":49,"column":4},"end":{"line":55,"column":7}},"26":{"start":{"line":50,"column":8},"end":{"line":54,"column":9}},"27":{"start":{"line":51,"column":12},"end":{"line":51,"column":70}},"28":{"start":{"line":53,"column":12},"end":{"line":53,"column":31}},"29":{"start":{"line":61,"column":0},"end":{"line":83,"column":3}},"30":{"start":{"line":62,"column":4},"end":{"line":62,"column":30}},"31":{"start":{"line":63,"column":4},"end":{"line":73,"column":7}},"32":{"start":{"line":74,"column":4},"end":{"line":82,"column":7}},"33":{"start":{"line":75,"column":8},"end":{"line":81,"column":9}},"34":{"start":{"line":76,"column":12},"end":{"line":76,"column":36}},"35":{"start":{"line":77,"column":12},"end":{"line":77,"column":29}},"36":{"start":{"line":78,"column":12},"end":{"line":78,"column":73}},"37":{"start":{"line":80,"column":12},"end":{"line":80,"column":80}},"38":{"start":{"line":86,"column":0},"end":{"line":106,"column":3}},"39":{"start":{"line":87,"column":4},"end":{"line":97,"column":6}},"40":{"start":{"line":98,"column":4},"end":{"line":105,"column":7}},"41":{"start":{"line":99,"column":8},"end":{"line":104,"column":9}},"42":{"start":{"line":100,"column":12},"end":{"line":100,"column":29}},"43":{"start":{"line":101,"column":12},"end":{"line":101,"column":71}},"44":{"start":{"line":103,"column":12},"end":{"line":103,"column":77}},"45":{"start":{"line":109,"column":0},"end":{"line":126,"column":3}},"46":{"start":{"line":110,"column":4},"end":{"line":110,"column":27}},"47":{"start":{"line":112,"column":4},"end":{"line":125,"column":7}},"48":{"start":{"line":114,"column":7},"end":{"line":124,"column":8}},"49":{"start":{"line":115,"column":11},"end":{"line":115,"column":75}},"50":{"start":{"line":117,"column":15},"end":{"line":123,"column":18}},"51":{"start":{"line":118,"column":19},"end":{"line":122,"column":20}},"52":{"start":{"line":119,"column":23},"end":{"line":119,"column":87}},"53":{"start":{"line":121,"column":23},"end":{"line":121,"column":72}},"54":{"start":{"line":129,"column":0},"end":{"line":129,"column":24}}},"branchMap":{"1":{"line":27,"type":"if","locations":[{"start":{"line":27,"column":8},"end":{"line":27,"column":8}},{"start":{"line":27,"column":8},"end":{"line":27,"column":8}}]},"2":{"line":39,"type":"if","locations":[{"start":{"line":39,"column":8},"end":{"line":39,"column":8}},{"start":{"line":39,"column":8},"end":{"line":39,"column":8}}]},"3":{"line":50,"type":"if","locations":[{"start":{"line":50,"column":8},"end":{"line":50,"column":8}},{"start":{"line":50,"column":8},"end":{"line":50,"column":8}}]},"4":{"line":75,"type":"if","locations":[{"start":{"line":75,"column":8},"end":{"line":75,"column":8}},{"start":{"line":75,"column":8},"end":{"line":75,"column":8}}]},"5":{"line":99,"type":"if","locations":[{"start":{"line":99,"column":8},"end":{"line":99,"column":8}},{"start":{"line":99,"column":8},"end":{"line":99,"column":8}}]},"6":{"line":114,"type":"if","locations":[{"start":{"line":114,"column":7},"end":{"line":114,"column":7}},{"start":{"line":114,"column":7},"end":{"line":114,"column":7}}]},"7":{"line":118,"type":"if","locations":[{"start":{"line":118,"column":19},"end":{"line":118,"column":19}},{"start":{"line":118,"column":19},"end":{"line":118,"column":19}}]}}},"/home/sven/pse/tageler-api/src/models/tageler.js":{"path":"/home/sven/pse/tageler-api/src/models/tageler.js","s":{"1":1,"2":1,"3":1,"4":1,"5":1,"6":0,"7":1,"8":0,"9":1,"10":0,"11":1,"12":0},"b":{},"f":{"1":0,"2":0,"3":0,"4":0},"fnMap":{"1":{"name":"(anonymous_1)","line":66,"loc":{"start":{"line":66,"column":36},"end":{"line":66,"column":61}}},"2":{"name":"(anonymous_2)","line":71,"loc":{"start":{"line":71,"column":28},"end":{"line":71,"column":58}}},"3":{"name":"(anonymous_3)","line":75,"loc":{"start":{"line":75,"column":32},"end":{"line":75,"column":55}}},"4":{"name":"(anonymous_4)","line":79,"loc":{"start":{"line":79,"column":29},"end":{"line":79,"column":47}}}},"statementMap":{"1":{"start":{"line":1,"column":0},"end":{"line":1,"column":37}},"2":{"start":{"line":2,"column":0},"end":{"line":2,"column":45}},"3":{"start":{"line":5,"column":0},"end":{"line":62,"column":3}},"4":{"start":{"line":64,"column":0},"end":{"line":64,"column":74}},"5":{"start":{"line":66,"column":0},"end":{"line":68,"column":2}},"6":{"start":{"line":67,"column":4},"end":{"line":67,"column":43}},"7":{"start":{"line":71,"column":0},"end":{"line":73,"column":2}},"8":{"start":{"line":72,"column":12},"end":{"line":72,"column":38}},"9":{"start":{"line":75,"column":0},"end":{"line":77,"column":2}},"10":{"start":{"line":76,"column":4},"end":{"line":76,"column":42}},"11":{"start":{"line":79,"column":0},"end":{"line":81,"column":2}},"12":{"start":{"line":80,"column":2},"end":{"line":80,"column":25}}},"branchMap":{}}}